2019-09-08 09:00:13,868 -- Auto_frame -- Assertion.py -- 30 -- ERROR -- 预期结果不在实际结果中!,预期结果: <0>,实际响应code: <1000001>,实际响应结果: <{'msg': '还未达到此活动领取条件', 'code': 1000001}>
2019-09-08 09:00:14,866 -- Auto_frame -- Assertion.py -- 30 -- ERROR -- 预期结果不在实际结果中!,预期结果: <1000001>,实际响应code: <0>,实际响应结果: <{'msg': '操作成功', 'data': [], 'code': 0}>
2019-09-08 09:00:19,216 -- Auto_frame -- Assertion.py -- 30 -- ERROR -- 预期结果不在实际结果中!,预期结果: <0>,实际响应code: <1000001>,实际响应结果: <{'msg': '您当前没有积分!', 'code': 1000001}>
2019-09-08 09:00:20,561 -- Auto_frame -- Assertion.py -- 30 -- ERROR -- 预期结果不在实际结果中!,预期结果: <0>,实际响应code: <1000001>,实际响应结果: <{'msg': '您当前没有积分!', 'code': 1000001}>
2019-09-08 09:00:21,273 -- Auto_frame -- Assertion.py -- 30 -- ERROR -- 预期结果不在实际结果中!,预期结果: <0>,实际响应code: <1000001>,实际响应结果: <{'msg': '您当前没有积分!', 'code': 1000001}>
2019-09-08 09:00:27,844 -- Auto_frame -- Assertion.py -- 30 -- ERROR -- 预期结果不在实际结果中!,预期结果: <0>,实际响应code: <1000001>,实际响应结果: <{'msg': '余额不足.', 'code': 1000001}>
2019-09-08 09:00:30,007 -- Auto_frame -- Assertion.py -- 30 -- ERROR -- 预期结果不在实际结果中!,预期结果: <0>,实际响应code: <1000001>,实际响应结果: <{'msg': '余额不足.', 'code': 1000001}>
2019-09-08 09:00:30,300 -- Auto_frame -- Assertion.py -- 30 -- ERROR -- 预期结果不在实际结果中!,预期结果: <0>,实际响应code: <1000008>,实际响应结果: <{'msg': '请求频率过高,1秒再重试!', 'data': '请求频率过高,1秒再重试!', 'code': 1000008}>
2019-09-08 09:00:30,638 -- Auto_frame -- Assertion.py -- 30 -- ERROR -- 预期结果不在实际结果中!,预期结果: <0>,实际响应code: <1000008>,实际响应结果: <{'msg': '请求频率过高,1秒再重试!', 'data': '请求频率过高,1秒再重试!', 'code': 1000008}>
2019-09-08 09:00:30,944 -- Auto_frame -- Assertion.py -- 30 -- ERROR -- 预期结果不在实际结果中!,预期结果: <0>,实际响应code: <1000008>,实际响应结果: <{'msg': '请求频率过高,1秒再重试!', 'data': '请求频率过高,1秒再重试!', 'code': 1000008}>
2019-09-08 09:00:31,234 -- Auto_frame -- Assertion.py -- 30 -- ERROR -- 预期结果不在实际结果中!,预期结果: <0>,实际响应code: <1000008>,实际响应结果: <{'msg': '请求频率过高,0秒再重试!', 'data': '请求频率过高,0秒再重试!', 'code': 1000008}>
2019-09-08 09:00:31,536 -- Auto_frame -- Assertion.py -- 30 -- ERROR -- 预期结果不在实际结果中!,预期结果: <0>,实际响应code: <1000008>,实际响应结果: <{'msg': '请求频率过高,0秒再重试!', 'data': '请求频率过高,0秒再重试!', 'code': 1000008}>
2019-09-08 09:00:32,675 -- Auto_frame -- Assertion.py -- 30 -- ERROR -- 预期结果不在实际结果中!,预期结果: <0>,实际响应code: <1000001>,实际响应结果: <{'msg': '余额不足.', 'code': 1000001}>
2019-09-08 09:00:34,644 -- Auto_frame -- Assertion.py -- 30 -- ERROR -- 预期结果不在实际结果中!,预期结果: <0>,实际响应code: <1000001>,实际响应结果: <{'msg': '余额不足.', 'code': 1000001}>
2019-09-08 09:00:36,568 -- Auto_frame -- Assertion.py -- 30 -- ERROR -- 预期结果不在实际结果中!,预期结果: <0>,实际响应code: <1000001>,实际响应结果: <{'msg': '余额不足.', 'code': 1000001}>
2019-09-08 09:00:36,859 -- Auto_frame -- Assertion.py -- 30 -- ERROR -- 预期结果不在实际结果中!,预期结果: <0>,实际响应code: <1000008>,实际响应结果: <{'msg': '请求频率过高,5秒再重试!', 'data': '请求频率过高,5秒再重试!', 'code': 1000008}>
2019-09-08 09:00:37,154 -- Auto_frame -- Assertion.py -- 30 -- ERROR -- 预期结果不在实际结果中!,预期结果: <0>,实际响应code: <1000008>,实际响应结果: <{'msg': '请求频率过高,4秒再重试!', 'data': '请求频率过高,4秒再重试!', 'code': 1000008}>
2019-09-08 09:00:37,469 -- Auto_frame -- Assertion.py -- 30 -- ERROR -- 预期结果不在实际结果中!,预期结果: <0>,实际响应code: <1000008>,实际响应结果: <{'msg': '请求频率过高,4秒再重试!', 'data': '请求频率过高,4秒再重试!', 'code': 1000008}>
2019-09-08 09:00:37,768 -- Auto_frame -- Assertion.py -- 30 -- ERROR -- 预期结果不在实际结果中!,预期结果: <0>,实际响应code: <1000008>,实际响应结果: <{'msg': '请求频率过高,4秒再重试!', 'data': '请求频率过高,4秒再重试!', 'code': 1000008}>
2019-09-08 09:00:38,076 -- Auto_frame -- Assertion.py -- 30 -- ERROR -- 预期结果不在实际结果中!,预期结果: <0>,实际响应code: <1000008>,实际响应结果: <{'msg': '请求频率过高,4秒再重试!', 'data': '请求频率过高,4秒再重试!', 'code': 1000008}>
2019-09-08 09:00:38,372 -- Auto_frame -- Assertion.py -- 30 -- ERROR -- 预期结果不在实际结果中!,预期结果: <0>,实际响应code: <1000008>,实际响应结果: <{'msg': '请求频率过高,3秒再重试!', 'data': '请求频率过高,3秒再重试!', 'code': 1000008}>
2019-09-08 09:00:38,688 -- Auto_frame -- Assertion.py -- 30 -- ERROR -- 预期结果不在实际结果中!,预期结果: <0>,实际响应code: <1000008>,实际响应结果: <{'msg': '请求频率过高,3秒再重试!', 'data': '请求频率过高,3秒再重试!', 'code': 1000008}>
2019-09-08 09:00:38,987 -- Auto_frame -- Assertion.py -- 30 -- ERROR -- 预期结果不在实际结果中!,预期结果: <0>,实际响应code: <1000008>,实际响应结果: <{'msg': '请求频率过高,3秒再重试!', 'data': '请求频率过高,3秒再重试!', 'code': 1000008}>
2019-09-08 09:00:39,315 -- Auto_frame -- Assertion.py -- 30 -- ERROR -- 预期结果不在实际结果中!,预期结果: <0>,实际响应code: <1000008>,实际响应结果: <{'msg': '请求频率过高,2秒再重试!', 'data': '请求频率过高,2秒再重试!', 'code': 1000008}>
2019-09-08 09:00:39,617 -- Auto_frame -- Assertion.py -- 30 -- ERROR -- 预期结果不在实际结果中!,预期结果: <0>,实际响应code: <1000008>,实际响应结果: <{'msg': '请求频率过高,2秒再重试!', 'data': '请求频率过高,2秒再重试!', 'code': 1000008}>
2019-09-08 09:00:39,905 -- Auto_frame -- Assertion.py -- 30 -- ERROR -- 预期结果不在实际结果中!,预期结果: <0>,实际响应code: <1000008>,实际响应结果: <{'msg': '请求频率过高,2秒再重试!', 'data': '请求频率过高,2秒再重试!', 'code': 1000008}>
2019-09-08 09:00:40,198 -- Auto_frame -- Assertion.py -- 30 -- ERROR -- 预期结果不在实际结果中!,预期结果: <0>,实际响应code: <1000008>,实际响应结果: <{'msg': '请求频率过高,1秒再重试!', 'data': '请求频率过高,1秒再重试!', 'code': 1000008}>
2019-09-08 09:00:40,540 -- Auto_frame -- Assertion.py -- 30 -- ERROR -- 预期结果不在实际结果中!,预期结果: <0>,实际响应code: <1000008>,实际响应结果: <{'msg': '请求频率过高,1秒再重试!', 'data': '请求频率过高,1秒再重试!', 'code': 1000008}>
2019-09-08 09:00:40,838 -- Auto_frame -- Assertion.py -- 30 -- ERROR -- 预期结果不在实际结果中!,预期结果: <0>,实际响应code: <1000008>,实际响应结果: <{'msg': '请求频率过高,1秒再重试!', 'data': '请求频率过高,1秒再重试!', 'code': 1000008}>
2019-09-08 09:00:41,138 -- Auto_frame -- Assertion.py -- 30 -- ERROR -- 预期结果不在实际结果中!,预期结果: <0>,实际响应code: <1000008>,实际响应结果: <{'msg': '请求频率过高,0秒再重试!', 'data': '请求频率过高,0秒再重试!', 'code': 1000008}>
2019-09-08 09:00:41,561 -- Auto_frame -- Assertion.py -- 30 -- ERROR -- 预期结果不在实际结果中!,预期结果: <0>,实际响应code: <1000008>,实际响应结果: <{'msg': '请求频率过高,0秒再重试!', 'data': '请求频率过高,0秒再重试!', 'code': 1000008}>
2019-09-08 09:00:42,447 -- Auto_frame -- Assertion.py -- 30 -- ERROR -- 预期结果不在实际结果中!,预期结果: <0>,实际响应code: <1000001>,实际响应结果: <{'msg': '余额不足.', 'code': 1000001}>
2019-09-08 09:00:43,653 -- Auto_frame -- Assertion.py -- 30 -- ERROR -- 预期结果不在实际结果中!,预期结果: <0>,实际响应code: <1000001>,实际响应结果: <{'msg': '余额不足.', 'code': 1000001}>
2019-09-08 09:00:45,529 -- Auto_frame -- Assertion.py -- 30 -- ERROR -- 预期结果不在实际结果中!,预期结果: <0>,实际响应code: <1000001>,实际响应结果: <{'msg': '余额不足.', 'code': 1000001}>
2019-09-08 09:00:45,844 -- Auto_frame -- Assertion.py -- 30 -- ERROR -- 预期结果不在实际结果中!,预期结果: <0>,实际响应code: <1000008>,实际响应结果: <{'msg': '请求频率过高,6秒再重试!', 'data': '请求频率过高,6秒再重试!', 'code': 1000008}>
2019-09-08 09:00:46,142 -- Auto_frame -- Assertion.py -- 30 -- ERROR -- 预期结果不在实际结果中!,预期结果: <0>,实际响应code: <1000008>,实际响应结果: <{'msg': '请求频率过高,5秒再重试!', 'data': '请求频率过高,5秒再重试!', 'code': 1000008}>
2019-09-08 09:00:46,457 -- Auto_frame -- Assertion.py -- 30 -- ERROR -- 预期结果不在实际结果中!,预期结果: <0>,实际响应code: <1000008>,实际响应结果: <{'msg': '请求频率过高,5秒再重试!', 'data': '请求频率过高,5秒再重试!', 'code': 1000008}>
2019-09-08 09:00:46,739 -- Auto_frame -- Assertion.py -- 30 -- ERROR -- 预期结果不在实际结果中!,预期结果: <0>,实际响应code: <1000008>,实际响应结果: <{'msg': '请求频率过高,5秒再重试!', 'data': '请求频率过高,5秒再重试!', 'code': 1000008}>
2019-09-08 09:00:47,036 -- Auto_frame -- Assertion.py -- 30 -- ERROR -- 预期结果不在实际结果中!,预期结果: <0>,实际响应code: <1000008>,实际响应结果: <{'msg': '请求频率过高,5秒再重试!', 'data': '请求频率过高,5秒再重试!', 'code': 1000008}>
2019-09-08 09:00:47,327 -- Auto_frame -- Assertion.py -- 30 -- ERROR -- 预期结果不在实际结果中!,预期结果: <0>,实际响应code: <1000008>,实际响应结果: <{'msg': '请求频率过高,4秒再重试!', 'data': '请求频率过高,4秒再重试!', 'code': 1000008}>
2019-09-08 09:00:47,609 -- Auto_frame -- Assertion.py -- 30 -- ERROR -- 预期结果不在实际结果中!,预期结果: <0>,实际响应code: <1000008>,实际响应结果: <{'msg': '请求频率过高,4秒再重试!', 'data': '请求频率过高,4秒再重试!', 'code': 1000008}>
2019-09-08 09:00:47,920 -- Auto_frame -- Assertion.py -- 30 -- ERROR -- 预期结果不在实际结果中!,预期结果: <1000001>,实际响应code: <1000008>,实际响应结果: <{'msg': '请求频率过高,4秒再重试!', 'data': '请求频率过高,4秒再重试!', 'code': 1000008}>
2019-09-08 09:00:48,212 -- Auto_frame -- Assertion.py -- 30 -- ERROR -- 预期结果不在实际结果中!,预期结果: <1000001>,实际响应code: <1000008>,实际响应结果: <{'msg': '请求频率过高,3秒再重试!', 'data': '请求频率过高,3秒再重试!', 'code': 1000008}>
2019-09-08 09:00:48,515 -- Auto_frame -- Assertion.py -- 30 -- ERROR -- 预期结果不在实际结果中!,预期结果: <0>,实际响应code: <1000008>,实际响应结果: <{'msg': '请求频率过高,3秒再重试!', 'data': '请求频率过高,3秒再重试!', 'code': 1000008}>
2019-09-08 09:00:48,834 -- Auto_frame -- Assertion.py -- 30 -- ERROR -- 预期结果不在实际结果中!,预期结果: <0>,实际响应code: <1000008>,实际响应结果: <{'msg': '请求频率过高,3秒再重试!', 'data': '请求频率过高,3秒再重试!', 'code': 1000008}>
2019-09-08 09:00:49,127 -- Auto_frame -- Assertion.py -- 30 -- ERROR -- 预期结果不在实际结果中!,预期结果: <0>,实际响应code: <1000008>,实际响应结果: <{'msg': '请求频率过高,2秒再重试!', 'data': '请求频率过高,2秒再重试!', 'code': 1000008}>
2019-09-08 09:00:49,502 -- Auto_frame -- Assertion.py -- 30 -- ERROR -- 预期结果不在实际结果中!,预期结果: <0>,实际响应code: <1000001>,实际响应结果: <{'msg': '原始支付密码错误,请重新输入', 'code': 1000001}>
2019-09-08 09:00:51,525 -- Auto_frame -- Assertion.py -- 37 -- ERROR -- 预期结果不在实际结果中!,预期结果: <真实姓名必须为中文>,实际响应msg: <支付宝不能重复绑定,修改请联系客服>,实际响应结果: <{'msg': '支付宝不能重复绑定,修改请联系客服', 'code': 1000001}>
2019-09-08 09:00:52,122 -- Auto_frame -- Assertion.py -- 37 -- ERROR -- 预期结果不在实际结果中!,预期结果: <请输入支付宝姓名>,实际响应msg: <支付宝不能重复绑定,修改请联系客服>,实际响应结果: <{'msg': '支付宝不能重复绑定,修改请联系客服', 'code': 1000001}>
2019-09-08 09:00:52,443 -- Auto_frame -- Assertion.py -- 37 -- ERROR -- 预期结果不在实际结果中!,预期结果: <请输入支付宝账号>,实际响应msg: <支付宝不能重复绑定,修改请联系客服>,实际响应结果: <{'msg': '支付宝不能重复绑定,修改请联系客服', 'code': 1000001}>
2019-09-08 09:00:52,768 -- Auto_frame -- Assertion.py -- 30 -- ERROR -- 预期结果不在实际结果中!,预期结果: <0>,实际响应code: <1000001>,实际响应结果: <{'msg': '支付宝不能重复绑定,修改请联系客服', 'code': 1000001}>
2019-09-08 09:00:53,447 -- Auto_frame -- Assertion.py -- 30 -- ERROR -- 预期结果不在实际结果中!,预期结果: <1000001>,实际响应code: <0>,实际响应结果: <{'msg': '操作成功', 'data': True, 'code': 0}>
2019-09-08 09:00:53,751 -- Auto_frame -- Assertion.py -- 30 -- ERROR -- 预期结果不在实际结果中!,预期结果: <1000001>,实际响应code: <0>,实际响应结果: <{'msg': '操作成功', 'data': True, 'code': 0}>
2019-09-08 09:00:54,064 -- Auto_frame -- Assertion.py -- 30 -- ERROR -- 预期结果不在实际结果中!,预期结果: <1000001>,实际响应code: <0>,实际响应结果: <{'msg': '操作成功', 'data': True, 'code': 0}>
2019-09-08 09:00:54,391 -- Auto_frame -- Assertion.py -- 30 -- ERROR -- 预期结果不在实际结果中!,预期结果: <1000001>,实际响应code: <0>,实际响应结果: <{'msg': '操作成功', 'data': True, 'code': 0}>
2019-09-08 09:00:54,725 -- Auto_frame -- Assertion.py -- 30 -- ERROR -- 预期结果不在实际结果中!,预期结果: <1000001>,实际响应code: <0>,实际响应结果: <{'msg': '操作成功', 'data': True, 'code': 0}>
2019-09-08 09:00:55,036 -- Auto_frame -- Assertion.py -- 30 -- ERROR -- 预期结果不在实际结果中!,预期结果: <1000001>,实际响应code: <0>,实际响应结果: <{'msg': '操作成功', 'data': True, 'code': 0}>
2019-09-08 09:00:59,398 -- Auto_frame -- Assertion.py -- 30 -- ERROR -- 预期结果不在实际结果中!,预期结果: <1000001>,实际响应code: <0>,实际响应结果: <{'msg': '操作成功', 'data': True, 'code': 0}>
2019-09-08 09:00:59,754 -- Auto_frame -- Assertion.py -- 30 -- ERROR -- 预期结果不在实际结果中!,预期结果: <1000001>,实际响应code: <0>,实际响应结果: <{'msg': '操作成功', 'data': True, 'code': 0}>
2019-09-08 09:01:00,097 -- Auto_frame -- Assertion.py -- 37 -- ERROR -- 预期结果不在实际结果中!,预期结果: <单笔出款下限:50>,实际响应msg: < 余额不足！>,实际响应结果: <{'msg': ' 余额不足！', 'code': 1000001}>
2019-09-08 09:01:00,813 -- Auto_frame -- Assertion.py -- 37 -- ERROR -- 预期结果不在实际结果中!,预期结果: <单笔出款上限:10000>,实际响应msg: < 余额不足！>,实际响应结果: <{'msg': ' 余额不足！', 'code': 1000001}>
2019-09-08 09:01:01,462 -- Auto_frame -- Assertion.py -- 30 -- ERROR -- 预期结果不在实际结果中!,预期结果: <0>,实际响应code: <1000001>,实际响应结果: <{'msg': ' 余额不足！', 'code': 1000001}>
2019-09-08 09:01:01,801 -- Auto_frame -- Assertion.py -- 30 -- ERROR -- 预期结果不在实际结果中!,预期结果: <0>,实际响应code: <1000001>,实际响应结果: <{'msg': ' 余额不足！', 'code': 1000001}>
2019-09-08 09:01:02,462 -- Auto_frame -- Assertion.py -- 30 -- ERROR -- 预期结果不在实际结果中!,预期结果: <0>,实际响应code: <1000001>,实际响应结果: <{'msg': '资金不足,请先充值!', 'code': 1000001}>
2019-09-08 09:01:03,077 -- Auto_frame -- Assertion.py -- 30 -- ERROR -- 预期结果不在实际结果中!,预期结果: <1000001>,实际响应code: <1000008>,实际响应结果: <{'msg': '请求频率过高,10秒再重试!', 'data': '请求频率过高,10秒再重试!', 'code': 1000008}>
2019-09-08 09:01:03,394 -- Auto_frame -- Assertion.py -- 30 -- ERROR -- 预期结果不在实际结果中!,预期结果: <1000001>,实际响应code: <1000008>,实际响应结果: <{'msg': '请求频率过高,9秒再重试!', 'data': '请求频率过高,9秒再重试!', 'code': 1000008}>
2019-09-08 09:01:03,682 -- Auto_frame -- Assertion.py -- 30 -- ERROR -- 预期结果不在实际结果中!,预期结果: <0>,实际响应code: <1000008>,实际响应结果: <{'msg': '请求频率过高,9秒再重试!', 'data': '请求频率过高,9秒再重试!', 'code': 1000008}>
2019-09-08 09:01:03,978 -- Auto_frame -- Assertion.py -- 30 -- ERROR -- 预期结果不在实际结果中!,预期结果: <1000001>,实际响应code: <1000008>,实际响应结果: <{'msg': '请求频率过高,9秒再重试!', 'data': '请求频率过高,9秒再重试!', 'code': 1000008}>
2019-09-08 09:01:04,313 -- Auto_frame -- Assertion.py -- 30 -- ERROR -- 预期结果不在实际结果中!,预期结果: <1000001>,实际响应code: <1000008>,实际响应结果: <{'msg': '请求频率过高,8秒再重试!', 'data': '请求频率过高,8秒再重试!', 'code': 1000008}>
2019-09-08 09:01:04,674 -- Auto_frame -- Assertion.py -- 30 -- ERROR -- 预期结果不在实际结果中!,预期结果: <1000001>,实际响应code: <1000008>,实际响应结果: <{'msg': '请求频率过高,8秒再重试!', 'data': '请求频率过高,8秒再重试!', 'code': 1000008}>
2019-09-08 09:01:04,991 -- Auto_frame -- Assertion.py -- 30 -- ERROR -- 预期结果不在实际结果中!,预期结果: <1000001>,实际响应code: <1000008>,实际响应结果: <{'msg': '请求频率过高,8秒再重试!', 'data': '请求频率过高,8秒再重试!', 'code': 1000008}>
2019-09-08 09:01:21,601 -- Auto_frame -- Assertion.py -- 30 -- ERROR -- 预期结果不在实际结果中!,预期结果: <0>,实际响应code: <1000001>,实际响应结果: <{'msg': 'controller not exists:Index', 'code': 1000001}>
2019-09-08 09:01:21,888 -- Auto_frame -- Assertion.py -- 30 -- ERROR -- 预期结果不在实际结果中!,预期结果: <0>,实际响应code: <1000001>,实际响应结果: <{'msg': 'controller not exists:Index', 'code': 1000001}>
2019-09-08 09:01:22,179 -- Auto_frame -- Assertion.py -- 30 -- ERROR -- 预期结果不在实际结果中!,预期结果: <0>,实际响应code: <1000001>,实际响应结果: <{'msg': 'controller not exists:Index', 'code': 1000001}>
2019-09-08 09:01:22,496 -- Auto_frame -- Assertion.py -- 30 -- ERROR -- 预期结果不在实际结果中!,预期结果: <0>,实际响应code: <1000001>,实际响应结果: <{'msg': 'controller not exists:Index', 'code': 1000001}>
2019-09-08 09:01:22,785 -- Auto_frame -- Assertion.py -- 30 -- ERROR -- 预期结果不在实际结果中!,预期结果: <0>,实际响应code: <1000001>,实际响应结果: <{'msg': 'controller not exists:Index', 'code': 1000001}>
2019-09-08 09:01:23,074 -- Auto_frame -- Assertion.py -- 30 -- ERROR -- 预期结果不在实际结果中!,预期结果: <0>,实际响应code: <1000001>,实际响应结果: <{'msg': 'controller not exists:Index', 'code': 1000001}>
2019-09-08 09:01:23,424 -- Auto_frame -- Assertion.py -- 30 -- ERROR -- 预期结果不在实际结果中!,预期结果: <0>,实际响应code: <1000001>,实际响应结果: <{'msg': 'controller not exists:Index', 'code': 1000001}>
2019-09-08 09:01:23,712 -- Auto_frame -- Assertion.py -- 30 -- ERROR -- 预期结果不在实际结果中!,预期结果: <0>,实际响应code: <1000001>,实际响应结果: <{'msg': 'controller not exists:Index', 'code': 1000001}>
2019-09-08 09:01:24,003 -- Auto_frame -- Assertion.py -- 30 -- ERROR -- 预期结果不在实际结果中!,预期结果: <0>,实际响应code: <1000001>,实际响应结果: <{'msg': 'controller not exists:Index', 'code': 1000001}>
2019-09-08 09:01:24,311 -- Auto_frame -- Assertion.py -- 30 -- ERROR -- 预期结果不在实际结果中!,预期结果: <0>,实际响应code: <1000001>,实际响应结果: <{'msg': 'controller not exists:Index', 'code': 1000001}>
2019-09-08 09:01:24,643 -- Auto_frame -- Assertion.py -- 30 -- ERROR -- 预期结果不在实际结果中!,预期结果: <0>,实际响应code: <1000001>,实际响应结果: <{'msg': 'controller not exists:Index', 'code': 1000001}>
2019-09-08 09:01:24,931 -- Auto_frame -- Assertion.py -- 30 -- ERROR -- 预期结果不在实际结果中!,预期结果: <0>,实际响应code: <1000001>,实际响应结果: <{'msg': 'controller not exists:Index', 'code': 1000001}>
2019-09-08 09:01:25,246 -- Auto_frame -- Assertion.py -- 30 -- ERROR -- 预期结果不在实际结果中!,预期结果: <0>,实际响应code: <1000001>,实际响应结果: <{'msg': 'controller not exists:Index', 'code': 1000001}>
2019-09-08 09:01:25,545 -- Auto_frame -- Assertion.py -- 30 -- ERROR -- 预期结果不在实际结果中!,预期结果: <0>,实际响应code: <1000001>,实际响应结果: <{'msg': 'controller not exists:Index', 'code': 1000001}>
2019-09-08 09:01:25,837 -- Auto_frame -- Assertion.py -- 30 -- ERROR -- 预期结果不在实际结果中!,预期结果: <0>,实际响应code: <1000001>,实际响应结果: <{'msg': 'controller not exists:Index', 'code': 1000001}>
