2019-09-06 09:00:09,981 -- Auto_frame -- Assertion.py -- 29 -- ERROR -- 实际结果不在预期结果中!,预期结果: <0>,实际响应code: <1000001>,实际响应结果: <{'msg': '还未达到此活动领取条件', 'code': 1000001}>
2019-09-06 09:00:10,922 -- Auto_frame -- Assertion.py -- 29 -- ERROR -- 实际结果不在预期结果中!,预期结果: <1000001>,实际响应code: <0>,实际响应结果: <{'data': [], 'msg': '操作成功', 'code': 0}>
2019-09-06 09:00:14,942 -- Auto_frame -- Assertion.py -- 29 -- ERROR -- 实际结果不在预期结果中!,预期结果: <0>,实际响应code: <1000001>,实际响应结果: <{'msg': '您当前没有积分!', 'code': 1000001}>
2019-09-06 09:00:16,240 -- Auto_frame -- Assertion.py -- 29 -- ERROR -- 实际结果不在预期结果中!,预期结果: <0>,实际响应code: <1000001>,实际响应结果: <{'msg': '您当前没有积分!', 'code': 1000001}>
2019-09-06 09:00:16,961 -- Auto_frame -- Assertion.py -- 29 -- ERROR -- 实际结果不在预期结果中!,预期结果: <0>,实际响应code: <1000001>,实际响应结果: <{'msg': '您当前没有积分!', 'code': 1000001}>
2019-09-06 09:00:30,073 -- Auto_frame -- Assertion.py -- 29 -- ERROR -- 实际结果不在预期结果中!,预期结果: <0>,实际响应code: <1000001>,实际响应结果: <{'msg': '余额不足.', 'code': 1000001}>
2019-09-06 09:00:31,706 -- Auto_frame -- Assertion.py -- 29 -- ERROR -- 实际结果不在预期结果中!,预期结果: <0>,实际响应code: <1000001>,实际响应结果: <{'msg': '余额不足.', 'code': 1000001}>
2019-09-06 09:00:33,746 -- Auto_frame -- Assertion.py -- 29 -- ERROR -- 实际结果不在预期结果中!,预期结果: <0>,实际响应code: <1000001>,实际响应结果: <{'msg': '余额不足.', 'code': 1000001}>
2019-09-06 09:00:34,038 -- Auto_frame -- Assertion.py -- 29 -- ERROR -- 实际结果不在预期结果中!,预期结果: <0>,实际响应code: <1000008>,实际响应结果: <{'data': '请求频率过高,4秒再重试!', 'msg': '请求频率过高,4秒再重试!', 'code': 1000008}>
2019-09-06 09:00:34,348 -- Auto_frame -- Assertion.py -- 29 -- ERROR -- 实际结果不在预期结果中!,预期结果: <0>,实际响应code: <1000008>,实际响应结果: <{'data': '请求频率过高,4秒再重试!', 'msg': '请求频率过高,4秒再重试!', 'code': 1000008}>
2019-09-06 09:00:34,649 -- Auto_frame -- Assertion.py -- 29 -- ERROR -- 实际结果不在预期结果中!,预期结果: <0>,实际响应code: <1000008>,实际响应结果: <{'data': '请求频率过高,4秒再重试!', 'msg': '请求频率过高,4秒再重试!', 'code': 1000008}>
2019-09-06 09:00:34,940 -- Auto_frame -- Assertion.py -- 29 -- ERROR -- 实际结果不在预期结果中!,预期结果: <0>,实际响应code: <1000008>,实际响应结果: <{'data': '请求频率过高,3秒再重试!', 'msg': '请求频率过高,3秒再重试!', 'code': 1000008}>
2019-09-06 09:00:35,225 -- Auto_frame -- Assertion.py -- 29 -- ERROR -- 实际结果不在预期结果中!,预期结果: <0>,实际响应code: <1000008>,实际响应结果: <{'data': '请求频率过高,3秒再重试!', 'msg': '请求频率过高,3秒再重试!', 'code': 1000008}>
2019-09-06 09:00:35,518 -- Auto_frame -- Assertion.py -- 29 -- ERROR -- 实际结果不在预期结果中!,预期结果: <0>,实际响应code: <1000008>,实际响应结果: <{'data': '请求频率过高,3秒再重试!', 'msg': '请求频率过高,3秒再重试!', 'code': 1000008}>
2019-09-06 09:00:35,808 -- Auto_frame -- Assertion.py -- 29 -- ERROR -- 实际结果不在预期结果中!,预期结果: <0>,实际响应code: <1000008>,实际响应结果: <{'data': '请求频率过高,3秒再重试!', 'msg': '请求频率过高,3秒再重试!', 'code': 1000008}>
2019-09-06 09:00:36,132 -- Auto_frame -- Assertion.py -- 29 -- ERROR -- 实际结果不在预期结果中!,预期结果: <0>,实际响应code: <1000008>,实际响应结果: <{'data': '请求频率过高,2秒再重试!', 'msg': '请求频率过高,2秒再重试!', 'code': 1000008}>
2019-09-06 09:00:36,431 -- Auto_frame -- Assertion.py -- 29 -- ERROR -- 实际结果不在预期结果中!,预期结果: <0>,实际响应code: <1000008>,实际响应结果: <{'data': '请求频率过高,2秒再重试!', 'msg': '请求频率过高,2秒再重试!', 'code': 1000008}>
2019-09-06 09:00:36,728 -- Auto_frame -- Assertion.py -- 29 -- ERROR -- 实际结果不在预期结果中!,预期结果: <0>,实际响应code: <1000008>,实际响应结果: <{'data': '请求频率过高,2秒再重试!', 'msg': '请求频率过高,2秒再重试!', 'code': 1000008}>
2019-09-06 09:00:37,023 -- Auto_frame -- Assertion.py -- 29 -- ERROR -- 实际结果不在预期结果中!,预期结果: <0>,实际响应code: <1000008>,实际响应结果: <{'data': '请求频率过高,1秒再重试!', 'msg': '请求频率过高,1秒再重试!', 'code': 1000008}>
2019-09-06 09:00:37,304 -- Auto_frame -- Assertion.py -- 29 -- ERROR -- 实际结果不在预期结果中!,预期结果: <0>,实际响应code: <1000008>,实际响应结果: <{'data': '请求频率过高,1秒再重试!', 'msg': '请求频率过高,1秒再重试!', 'code': 1000008}>
2019-09-06 09:00:37,602 -- Auto_frame -- Assertion.py -- 29 -- ERROR -- 实际结果不在预期结果中!,预期结果: <0>,实际响应code: <1000008>,实际响应结果: <{'data': '请求频率过高,1秒再重试!', 'msg': '请求频率过高,1秒再重试!', 'code': 1000008}>
2019-09-06 09:00:37,891 -- Auto_frame -- Assertion.py -- 29 -- ERROR -- 实际结果不在预期结果中!,预期结果: <0>,实际响应code: <1000008>,实际响应结果: <{'data': '请求频率过高,0秒再重试!', 'msg': '请求频率过高,0秒再重试!', 'code': 1000008}>
2019-09-06 09:00:38,209 -- Auto_frame -- Assertion.py -- 29 -- ERROR -- 实际结果不在预期结果中!,预期结果: <0>,实际响应code: <1000008>,实际响应结果: <{'data': '请求频率过高,0秒再重试!', 'msg': '请求频率过高,0秒再重试!', 'code': 1000008}>
2019-09-06 09:00:38,539 -- Auto_frame -- Assertion.py -- 29 -- ERROR -- 实际结果不在预期结果中!,预期结果: <0>,实际响应code: <1000008>,实际响应结果: <{'data': '请求频率过高,0秒再重试!', 'msg': '请求频率过高,0秒再重试!', 'code': 1000008}>
2019-09-06 09:00:40,770 -- Auto_frame -- Assertion.py -- 29 -- ERROR -- 实际结果不在预期结果中!,预期结果: <0>,实际响应code: <1000001>,实际响应结果: <{'msg': '余额不足.', 'code': 1000001}>
2019-09-06 09:00:41,985 -- Auto_frame -- Assertion.py -- 29 -- ERROR -- 实际结果不在预期结果中!,预期结果: <0>,实际响应code: <1000001>,实际响应结果: <{'msg': '余额不足.', 'code': 1000001}>
2019-09-06 09:00:44,222 -- Auto_frame -- Assertion.py -- 29 -- ERROR -- 实际结果不在预期结果中!,预期结果: <0>,实际响应code: <1000001>,实际响应结果: <{'msg': '余额不足.', 'code': 1000001}>
2019-09-06 09:00:44,532 -- Auto_frame -- Assertion.py -- 29 -- ERROR -- 实际结果不在预期结果中!,预期结果: <0>,实际响应code: <1000008>,实际响应结果: <{'data': '请求频率过高,4秒再重试!', 'msg': '请求频率过高,4秒再重试!', 'code': 1000008}>
2019-09-06 09:00:44,836 -- Auto_frame -- Assertion.py -- 29 -- ERROR -- 实际结果不在预期结果中!,预期结果: <0>,实际响应code: <1000008>,实际响应结果: <{'data': '请求频率过高,3秒再重试!', 'msg': '请求频率过高,3秒再重试!', 'code': 1000008}>
2019-09-06 09:00:45,125 -- Auto_frame -- Assertion.py -- 29 -- ERROR -- 实际结果不在预期结果中!,预期结果: <0>,实际响应code: <1000008>,实际响应结果: <{'data': '请求频率过高,3秒再重试!', 'msg': '请求频率过高,3秒再重试!', 'code': 1000008}>
2019-09-06 09:00:45,420 -- Auto_frame -- Assertion.py -- 29 -- ERROR -- 实际结果不在预期结果中!,预期结果: <0>,实际响应code: <1000008>,实际响应结果: <{'data': '请求频率过高,3秒再重试!', 'msg': '请求频率过高,3秒再重试!', 'code': 1000008}>
2019-09-06 09:00:45,723 -- Auto_frame -- Assertion.py -- 29 -- ERROR -- 实际结果不在预期结果中!,预期结果: <0>,实际响应code: <1000008>,实际响应结果: <{'data': '请求频率过高,3秒再重试!', 'msg': '请求频率过高,3秒再重试!', 'code': 1000008}>
2019-09-06 09:00:46,008 -- Auto_frame -- Assertion.py -- 29 -- ERROR -- 实际结果不在预期结果中!,预期结果: <0>,实际响应code: <1000008>,实际响应结果: <{'data': '请求频率过高,2秒再重试!', 'msg': '请求频率过高,2秒再重试!', 'code': 1000008}>
2019-09-06 09:00:46,309 -- Auto_frame -- Assertion.py -- 29 -- ERROR -- 实际结果不在预期结果中!,预期结果: <0>,实际响应code: <1000008>,实际响应结果: <{'data': '请求频率过高,2秒再重试!', 'msg': '请求频率过高,2秒再重试!', 'code': 1000008}>
2019-09-06 09:00:46,611 -- Auto_frame -- Assertion.py -- 29 -- ERROR -- 实际结果不在预期结果中!,预期结果: <0>,实际响应code: <1000008>,实际响应结果: <{'data': '请求频率过高,2秒再重试!', 'msg': '请求频率过高,2秒再重试!', 'code': 1000008}>
2019-09-06 09:00:46,933 -- Auto_frame -- Assertion.py -- 29 -- ERROR -- 实际结果不在预期结果中!,预期结果: <0>,实际响应code: <1000008>,实际响应结果: <{'data': '请求频率过高,1秒再重试!', 'msg': '请求频率过高,1秒再重试!', 'code': 1000008}>
2019-09-06 09:00:47,218 -- Auto_frame -- Assertion.py -- 29 -- ERROR -- 实际结果不在预期结果中!,预期结果: <0>,实际响应code: <1000008>,实际响应结果: <{'data': '请求频率过高,1秒再重试!', 'msg': '请求频率过高,1秒再重试!', 'code': 1000008}>
2019-09-06 09:00:47,501 -- Auto_frame -- Assertion.py -- 29 -- ERROR -- 实际结果不在预期结果中!,预期结果: <0>,实际响应code: <1000008>,实际响应结果: <{'data': '请求频率过高,1秒再重试!', 'msg': '请求频率过高,1秒再重试!', 'code': 1000008}>
2019-09-06 09:00:47,827 -- Auto_frame -- Assertion.py -- 29 -- ERROR -- 实际结果不在预期结果中!,预期结果: <0>,实际响应code: <1000008>,实际响应结果: <{'data': '请求频率过高,1秒再重试!', 'msg': '请求频率过高,1秒再重试!', 'code': 1000008}>
2019-09-06 09:00:48,112 -- Auto_frame -- Assertion.py -- 29 -- ERROR -- 实际结果不在预期结果中!,预期结果: <0>,实际响应code: <1000008>,实际响应结果: <{'data': '请求频率过高,0秒再重试!', 'msg': '请求频率过高,0秒再重试!', 'code': 1000008}>
2019-09-06 09:00:48,410 -- Auto_frame -- Assertion.py -- 29 -- ERROR -- 实际结果不在预期结果中!,预期结果: <0>,实际响应code: <1000008>,实际响应结果: <{'data': '请求频率过高,0秒再重试!', 'msg': '请求频率过高,0秒再重试!', 'code': 1000008}>
2019-09-06 09:00:48,715 -- Auto_frame -- Assertion.py -- 29 -- ERROR -- 实际结果不在预期结果中!,预期结果: <1000001>,实际响应code: <1000008>,实际响应结果: <{'data': '请求频率过高,0秒再重试!', 'msg': '请求频率过高,0秒再重试!', 'code': 1000008}>
2019-09-06 09:00:51,697 -- Auto_frame -- Assertion.py -- 29 -- ERROR -- 实际结果不在预期结果中!,预期结果: <0>,实际响应code: <1000008>,实际响应结果: <{'data': '请求频率过高,8秒再重试!', 'msg': '请求频率过高,8秒再重试!', 'code': 1000008}>
2019-09-06 09:00:52,079 -- Auto_frame -- Assertion.py -- 29 -- ERROR -- 实际结果不在预期结果中!,预期结果: <0>,实际响应code: <1000001>,实际响应结果: <{'msg': '原始支付密码错误,请重新输入', 'code': 1000001}>
2019-09-06 09:00:54,160 -- Auto_frame -- Assertion.py -- 35 -- ERROR -- 实际结果不在预期结果中!,预期结果: <真实姓名必须为中文>,实际响应msg: <支付宝不能重复绑定,修改请联系客服>,实际响应结果: <{'msg': '支付宝不能重复绑定,修改请联系客服', 'code': 1000001}>
2019-09-06 09:00:54,770 -- Auto_frame -- Assertion.py -- 35 -- ERROR -- 实际结果不在预期结果中!,预期结果: <请输入支付宝姓名>,实际响应msg: <支付宝不能重复绑定,修改请联系客服>,实际响应结果: <{'msg': '支付宝不能重复绑定,修改请联系客服', 'code': 1000001}>
2019-09-06 09:00:55,070 -- Auto_frame -- Assertion.py -- 35 -- ERROR -- 实际结果不在预期结果中!,预期结果: <请输入支付宝账号>,实际响应msg: <支付宝不能重复绑定,修改请联系客服>,实际响应结果: <{'msg': '支付宝不能重复绑定,修改请联系客服', 'code': 1000001}>
2019-09-06 09:00:55,372 -- Auto_frame -- Assertion.py -- 29 -- ERROR -- 实际结果不在预期结果中!,预期结果: <0>,实际响应code: <1000001>,实际响应结果: <{'msg': '支付宝不能重复绑定,修改请联系客服', 'code': 1000001}>
2019-09-06 09:00:56,001 -- Auto_frame -- Assertion.py -- 29 -- ERROR -- 实际结果不在预期结果中!,预期结果: <1000001>,实际响应code: <0>,实际响应结果: <{'data': True, 'msg': '操作成功', 'code': 0}>
2019-09-06 09:00:56,316 -- Auto_frame -- Assertion.py -- 29 -- ERROR -- 实际结果不在预期结果中!,预期结果: <1000001>,实际响应code: <0>,实际响应结果: <{'data': True, 'msg': '操作成功', 'code': 0}>
2019-09-06 09:00:56,618 -- Auto_frame -- Assertion.py -- 29 -- ERROR -- 实际结果不在预期结果中!,预期结果: <1000001>,实际响应code: <0>,实际响应结果: <{'data': True, 'msg': '操作成功', 'code': 0}>
2019-09-06 09:00:56,922 -- Auto_frame -- Assertion.py -- 29 -- ERROR -- 实际结果不在预期结果中!,预期结果: <1000001>,实际响应code: <0>,实际响应结果: <{'data': True, 'msg': '操作成功', 'code': 0}>
2019-09-06 09:00:57,237 -- Auto_frame -- Assertion.py -- 29 -- ERROR -- 实际结果不在预期结果中!,预期结果: <1000001>,实际响应code: <0>,实际响应结果: <{'data': True, 'msg': '操作成功', 'code': 0}>
2019-09-06 09:00:57,548 -- Auto_frame -- Assertion.py -- 29 -- ERROR -- 实际结果不在预期结果中!,预期结果: <1000001>,实际响应code: <0>,实际响应结果: <{'data': True, 'msg': '操作成功', 'code': 0}>
2019-09-06 09:01:01,757 -- Auto_frame -- Assertion.py -- 29 -- ERROR -- 实际结果不在预期结果中!,预期结果: <1000001>,实际响应code: <0>,实际响应结果: <{'data': True, 'msg': '操作成功', 'code': 0}>
2019-09-06 09:01:02,109 -- Auto_frame -- Assertion.py -- 29 -- ERROR -- 实际结果不在预期结果中!,预期结果: <1000001>,实际响应code: <0>,实际响应结果: <{'data': True, 'msg': '操作成功', 'code': 0}>
2019-09-06 09:01:02,442 -- Auto_frame -- Assertion.py -- 35 -- ERROR -- 实际结果不在预期结果中!,预期结果: <单笔出款下限:50>,实际响应msg: < 余额不足！>,实际响应结果: <{'msg': ' 余额不足！', 'code': 1000001}>
2019-09-06 09:01:03,096 -- Auto_frame -- Assertion.py -- 35 -- ERROR -- 实际结果不在预期结果中!,预期结果: <单笔出款上限:10000>,实际响应msg: < 余额不足！>,实际响应结果: <{'msg': ' 余额不足！', 'code': 1000001}>
2019-09-06 09:01:03,746 -- Auto_frame -- Assertion.py -- 29 -- ERROR -- 实际结果不在预期结果中!,预期结果: <0>,实际响应code: <1000001>,实际响应结果: <{'msg': ' 余额不足！', 'code': 1000001}>
2019-09-06 09:01:04,054 -- Auto_frame -- Assertion.py -- 29 -- ERROR -- 实际结果不在预期结果中!,预期结果: <0>,实际响应code: <1000001>,实际响应结果: <{'msg': ' 余额不足！', 'code': 1000001}>
2019-09-06 09:01:05,841 -- Auto_frame -- Assertion.py -- 29 -- ERROR -- 实际结果不在预期结果中!,预期结果: <1000001>,实际响应code: <1000008>,实际响应结果: <{'data': '请求频率过高,8秒再重试!', 'msg': '请求频率过高,8秒再重试!', 'code': 1000008}>
2019-09-06 09:01:06,148 -- Auto_frame -- Assertion.py -- 29 -- ERROR -- 实际结果不在预期结果中!,预期结果: <1000001>,实际响应code: <1000008>,实际响应结果: <{'data': '请求频率过高,8秒再重试!', 'msg': '请求频率过高,8秒再重试!', 'code': 1000008}>
2019-09-06 09:01:06,451 -- Auto_frame -- Assertion.py -- 29 -- ERROR -- 实际结果不在预期结果中!,预期结果: <0>,实际响应code: <1000008>,实际响应结果: <{'data': '请求频率过高,8秒再重试!', 'msg': '请求频率过高,8秒再重试!', 'code': 1000008}>
2019-09-06 09:01:06,746 -- Auto_frame -- Assertion.py -- 29 -- ERROR -- 实际结果不在预期结果中!,预期结果: <1000001>,实际响应code: <1000008>,实际响应结果: <{'data': '请求频率过高,8秒再重试!', 'msg': '请求频率过高,8秒再重试!', 'code': 1000008}>
2019-09-06 09:01:07,043 -- Auto_frame -- Assertion.py -- 29 -- ERROR -- 实际结果不在预期结果中!,预期结果: <1000001>,实际响应code: <1000008>,实际响应结果: <{'data': '请求频率过高,7秒再重试!', 'msg': '请求频率过高,7秒再重试!', 'code': 1000008}>
2019-09-06 09:01:07,328 -- Auto_frame -- Assertion.py -- 29 -- ERROR -- 实际结果不在预期结果中!,预期结果: <1000001>,实际响应code: <1000008>,实际响应结果: <{'data': '请求频率过高,7秒再重试!', 'msg': '请求频率过高,7秒再重试!', 'code': 1000008}>
2019-09-06 09:01:07,612 -- Auto_frame -- Assertion.py -- 29 -- ERROR -- 实际结果不在预期结果中!,预期结果: <1000001>,实际响应code: <1000008>,实际响应结果: <{'data': '请求频率过高,7秒再重试!', 'msg': '请求频率过高,7秒再重试!', 'code': 1000008}>
