2019-09-05 11:36:40,656 -- Auto_frame -- Assertion.py -- 29 -- ERROR -- 实际结果不在预期结果中!,预期结果: <0>,实际响应code: <1000001>,实际响应结果: <{'msg': '还未达到此活动领取条件', 'code': 1000001}>
2019-09-05 11:36:41,587 -- Auto_frame -- Assertion.py -- 29 -- ERROR -- 实际结果不在预期结果中!,预期结果: <1000001>,实际响应code: <0>,实际响应结果: <{'msg': '操作成功', 'code': 0, 'data': []}>
2019-09-05 11:36:45,643 -- Auto_frame -- Assertion.py -- 29 -- ERROR -- 实际结果不在预期结果中!,预期结果: <0>,实际响应code: <1000001>,实际响应结果: <{'msg': '您当前没有积分!', 'code': 1000001}>
2019-09-05 11:36:46,929 -- Auto_frame -- Assertion.py -- 29 -- ERROR -- 实际结果不在预期结果中!,预期结果: <0>,实际响应code: <1000001>,实际响应结果: <{'msg': '您当前没有积分!', 'code': 1000001}>
2019-09-05 11:36:47,637 -- Auto_frame -- Assertion.py -- 29 -- ERROR -- 实际结果不在预期结果中!,预期结果: <0>,实际响应code: <1000001>,实际响应结果: <{'msg': '您当前没有积分!', 'code': 1000001}>
2019-09-05 11:36:48,848 -- Auto_frame -- Assertion.py -- 29 -- ERROR -- 实际结果不在预期结果中!,预期结果: <0>,实际响应code: <1000004>,实际响应结果: <{'msg': "Fatal error: Class '\\app\\Platform\\Driver\\HG' not found", 'code': 1000004}>
2019-09-05 11:36:49,895 -- Auto_frame -- Assertion.py -- 29 -- ERROR -- 实际结果不在预期结果中!,预期结果: <0>,实际响应code: <1000004>,实际响应结果: <{'msg': "Fatal error: Class '\\app\\Platform\\Driver\\HG' not found", 'code': 1000004}>
2019-09-05 11:36:51,023 -- Auto_frame -- Assertion.py -- 29 -- ERROR -- 实际结果不在预期结果中!,预期结果: <0>,实际响应code: <1000004>,实际响应结果: <{'msg': "Fatal error: Class '\\app\\Platform\\Driver\\HG' not found", 'code': 1000004}>
2019-09-05 11:36:51,325 -- Auto_frame -- Assertion.py -- 29 -- ERROR -- 实际结果不在预期结果中!,预期结果: <0>,实际响应code: <1000008>,实际响应结果: <{'msg': '请求频率过高,7秒再重试!', 'code': 1000008, 'data': '请求频率过高,7秒再重试!'}>
2019-09-05 11:36:51,623 -- Auto_frame -- Assertion.py -- 29 -- ERROR -- 实际结果不在预期结果中!,预期结果: <0>,实际响应code: <1000008>,实际响应结果: <{'msg': '请求频率过高,6秒再重试!', 'code': 1000008, 'data': '请求频率过高,6秒再重试!'}>
2019-09-05 11:36:51,952 -- Auto_frame -- Assertion.py -- 29 -- ERROR -- 实际结果不在预期结果中!,预期结果: <0>,实际响应code: <1000008>,实际响应结果: <{'msg': '请求频率过高,6秒再重试!', 'code': 1000008, 'data': '请求频率过高,6秒再重试!'}>
2019-09-05 11:36:52,255 -- Auto_frame -- Assertion.py -- 29 -- ERROR -- 实际结果不在预期结果中!,预期结果: <0>,实际响应code: <1000008>,实际响应结果: <{'msg': '请求频率过高,6秒再重试!', 'code': 1000008, 'data': '请求频率过高,6秒再重试!'}>
2019-09-05 11:36:52,557 -- Auto_frame -- Assertion.py -- 29 -- ERROR -- 实际结果不在预期结果中!,预期结果: <0>,实际响应code: <1000008>,实际响应结果: <{'msg': '请求频率过高,5秒再重试!', 'code': 1000008, 'data': '请求频率过高,5秒再重试!'}>
2019-09-05 11:36:52,862 -- Auto_frame -- Assertion.py -- 29 -- ERROR -- 实际结果不在预期结果中!,预期结果: <0>,实际响应code: <1000008>,实际响应结果: <{'msg': '请求频率过高,5秒再重试!', 'code': 1000008, 'data': '请求频率过高,5秒再重试!'}>
2019-09-05 11:36:53,155 -- Auto_frame -- Assertion.py -- 29 -- ERROR -- 实际结果不在预期结果中!,预期结果: <0>,实际响应code: <1000008>,实际响应结果: <{'msg': '请求频率过高,5秒再重试!', 'code': 1000008, 'data': '请求频率过高,5秒再重试!'}>
2019-09-05 11:36:53,442 -- Auto_frame -- Assertion.py -- 29 -- ERROR -- 实际结果不在预期结果中!,预期结果: <0>,实际响应code: <1000008>,实际响应结果: <{'msg': '请求频率过高,4秒再重试!', 'code': 1000008, 'data': '请求频率过高,4秒再重试!'}>
2019-09-05 11:36:53,751 -- Auto_frame -- Assertion.py -- 29 -- ERROR -- 实际结果不在预期结果中!,预期结果: <0>,实际响应code: <1000008>,实际响应结果: <{'msg': '请求频率过高,4秒再重试!', 'code': 1000008, 'data': '请求频率过高,4秒再重试!'}>
2019-09-05 11:36:54,053 -- Auto_frame -- Assertion.py -- 29 -- ERROR -- 实际结果不在预期结果中!,预期结果: <0>,实际响应code: <1000008>,实际响应结果: <{'msg': '请求频率过高,4秒再重试!', 'code': 1000008, 'data': '请求频率过高,4秒再重试!'}>
2019-09-05 11:36:54,332 -- Auto_frame -- Assertion.py -- 29 -- ERROR -- 实际结果不在预期结果中!,预期结果: <0>,实际响应code: <1000008>,实际响应结果: <{'msg': '请求频率过高,4秒再重试!', 'code': 1000008, 'data': '请求频率过高,4秒再重试!'}>
2019-09-05 11:36:54,633 -- Auto_frame -- Assertion.py -- 29 -- ERROR -- 实际结果不在预期结果中!,预期结果: <0>,实际响应code: <1000008>,实际响应结果: <{'msg': '请求频率过高,3秒再重试!', 'code': 1000008, 'data': '请求频率过高,3秒再重试!'}>
2019-09-05 11:36:54,925 -- Auto_frame -- Assertion.py -- 29 -- ERROR -- 实际结果不在预期结果中!,预期结果: <0>,实际响应code: <1000008>,实际响应结果: <{'msg': '请求频率过高,3秒再重试!', 'code': 1000008, 'data': '请求频率过高,3秒再重试!'}>
2019-09-05 11:36:55,236 -- Auto_frame -- Assertion.py -- 29 -- ERROR -- 实际结果不在预期结果中!,预期结果: <0>,实际响应code: <1000008>,实际响应结果: <{'msg': '请求频率过高,3秒再重试!', 'code': 1000008, 'data': '请求频率过高,3秒再重试!'}>
2019-09-05 11:36:55,524 -- Auto_frame -- Assertion.py -- 29 -- ERROR -- 实际结果不在预期结果中!,预期结果: <0>,实际响应code: <1000008>,实际响应结果: <{'msg': '请求频率过高,2秒再重试!', 'code': 1000008, 'data': '请求频率过高,2秒再重试!'}>
2019-09-05 11:36:55,819 -- Auto_frame -- Assertion.py -- 29 -- ERROR -- 实际结果不在预期结果中!,预期结果: <0>,实际响应code: <1000008>,实际响应结果: <{'msg': '请求频率过高,2秒再重试!', 'code': 1000008, 'data': '请求频率过高,2秒再重试!'}>
2019-09-05 11:36:56,116 -- Auto_frame -- Assertion.py -- 29 -- ERROR -- 实际结果不在预期结果中!,预期结果: <0>,实际响应code: <1000008>,实际响应结果: <{'msg': '请求频率过高,2秒再重试!', 'code': 1000008, 'data': '请求频率过高,2秒再重试!'}>
2019-09-05 11:36:56,411 -- Auto_frame -- Assertion.py -- 29 -- ERROR -- 实际结果不在预期结果中!,预期结果: <0>,实际响应code: <1000008>,实际响应结果: <{'msg': '请求频率过高,1秒再重试!', 'code': 1000008, 'data': '请求频率过高,1秒再重试!'}>
2019-09-05 11:36:56,699 -- Auto_frame -- Assertion.py -- 29 -- ERROR -- 实际结果不在预期结果中!,预期结果: <0>,实际响应code: <1000008>,实际响应结果: <{'msg': '请求频率过高,1秒再重试!', 'code': 1000008, 'data': '请求频率过高,1秒再重试!'}>
2019-09-05 11:36:57,012 -- Auto_frame -- Assertion.py -- 29 -- ERROR -- 实际结果不在预期结果中!,预期结果: <0>,实际响应code: <1000008>,实际响应结果: <{'msg': '请求频率过高,1秒再重试!', 'code': 1000008, 'data': '请求频率过高,1秒再重试!'}>
2019-09-05 11:36:57,295 -- Auto_frame -- Assertion.py -- 29 -- ERROR -- 实际结果不在预期结果中!,预期结果: <0>,实际响应code: <1000008>,实际响应结果: <{'msg': '请求频率过高,1秒再重试!', 'code': 1000008, 'data': '请求频率过高,1秒再重试!'}>
2019-09-05 11:36:57,578 -- Auto_frame -- Assertion.py -- 29 -- ERROR -- 实际结果不在预期结果中!,预期结果: <0>,实际响应code: <1000008>,实际响应结果: <{'msg': '请求频率过高,0秒再重试!', 'code': 1000008, 'data': '请求频率过高,0秒再重试!'}>
2019-09-05 11:36:57,858 -- Auto_frame -- Assertion.py -- 29 -- ERROR -- 实际结果不在预期结果中!,预期结果: <0>,实际响应code: <1000008>,实际响应结果: <{'msg': '请求频率过高,0秒再重试!', 'code': 1000008, 'data': '请求频率过高,0秒再重试!'}>
2019-09-05 11:36:58,790 -- Auto_frame -- Assertion.py -- 29 -- ERROR -- 实际结果不在预期结果中!,预期结果: <0>,实际响应code: <1000004>,实际响应结果: <{'msg': "Fatal error: Class '\\app\\Platform\\Driver\\HG' not found", 'code': 1000004}>
2019-09-05 11:36:59,785 -- Auto_frame -- Assertion.py -- 29 -- ERROR -- 实际结果不在预期结果中!,预期结果: <0>,实际响应code: <1000004>,实际响应结果: <{'msg': "Fatal error: Class '\\app\\Platform\\Driver\\HG' not found", 'code': 1000004}>
2019-09-05 11:37:00,817 -- Auto_frame -- Assertion.py -- 29 -- ERROR -- 实际结果不在预期结果中!,预期结果: <0>,实际响应code: <1000004>,实际响应结果: <{'msg': "Fatal error: Class '\\app\\Platform\\Driver\\HG' not found", 'code': 1000004}>
2019-09-05 11:37:01,146 -- Auto_frame -- Assertion.py -- 29 -- ERROR -- 实际结果不在预期结果中!,预期结果: <0>,实际响应code: <1000008>,实际响应结果: <{'msg': '请求频率过高,7秒再重试!', 'code': 1000008, 'data': '请求频率过高,7秒再重试!'}>
2019-09-05 11:37:01,463 -- Auto_frame -- Assertion.py -- 29 -- ERROR -- 实际结果不在预期结果中!,预期结果: <0>,实际响应code: <1000008>,实际响应结果: <{'msg': '请求频率过高,6秒再重试!', 'code': 1000008, 'data': '请求频率过高,6秒再重试!'}>
2019-09-05 11:37:01,769 -- Auto_frame -- Assertion.py -- 29 -- ERROR -- 实际结果不在预期结果中!,预期结果: <0>,实际响应code: <1000008>,实际响应结果: <{'msg': '请求频率过高,6秒再重试!', 'code': 1000008, 'data': '请求频率过高,6秒再重试!'}>
2019-09-05 11:37:02,071 -- Auto_frame -- Assertion.py -- 29 -- ERROR -- 实际结果不在预期结果中!,预期结果: <0>,实际响应code: <1000008>,实际响应结果: <{'msg': '请求频率过高,6秒再重试!', 'code': 1000008, 'data': '请求频率过高,6秒再重试!'}>
2019-09-05 11:37:02,391 -- Auto_frame -- Assertion.py -- 29 -- ERROR -- 实际结果不在预期结果中!,预期结果: <0>,实际响应code: <1000008>,实际响应结果: <{'msg': '请求频率过高,6秒再重试!', 'code': 1000008, 'data': '请求频率过高,6秒再重试!'}>
2019-09-05 11:37:02,682 -- Auto_frame -- Assertion.py -- 29 -- ERROR -- 实际结果不在预期结果中!,预期结果: <0>,实际响应code: <1000008>,实际响应结果: <{'msg': '请求频率过高,5秒再重试!', 'code': 1000008, 'data': '请求频率过高,5秒再重试!'}>
2019-09-05 11:37:03,007 -- Auto_frame -- Assertion.py -- 29 -- ERROR -- 实际结果不在预期结果中!,预期结果: <0>,实际响应code: <1000008>,实际响应结果: <{'msg': '请求频率过高,5秒再重试!', 'code': 1000008, 'data': '请求频率过高,5秒再重试!'}>
2019-09-05 11:37:03,301 -- Auto_frame -- Assertion.py -- 29 -- ERROR -- 实际结果不在预期结果中!,预期结果: <0>,实际响应code: <1000008>,实际响应结果: <{'msg': '请求频率过高,5秒再重试!', 'code': 1000008, 'data': '请求频率过高,5秒再重试!'}>
2019-09-05 11:37:03,615 -- Auto_frame -- Assertion.py -- 29 -- ERROR -- 实际结果不在预期结果中!,预期结果: <1000001>,实际响应code: <1000008>,实际响应结果: <{'msg': '请求频率过高,4秒再重试!', 'code': 1000008, 'data': '请求频率过高,4秒再重试!'}>
2019-09-05 11:37:03,914 -- Auto_frame -- Assertion.py -- 29 -- ERROR -- 实际结果不在预期结果中!,预期结果: <1000001>,实际响应code: <1000008>,实际响应结果: <{'msg': '请求频率过高,4秒再重试!', 'code': 1000008, 'data': '请求频率过高,4秒再重试!'}>
2019-09-05 11:37:04,214 -- Auto_frame -- Assertion.py -- 29 -- ERROR -- 实际结果不在预期结果中!,预期结果: <0>,实际响应code: <1000008>,实际响应结果: <{'msg': '请求频率过高,4秒再重试!', 'code': 1000008, 'data': '请求频率过高,4秒再重试!'}>
2019-09-05 11:37:04,547 -- Auto_frame -- Assertion.py -- 29 -- ERROR -- 实际结果不在预期结果中!,预期结果: <0>,实际响应code: <1000008>,实际响应结果: <{'msg': '请求频率过高,3秒再重试!', 'code': 1000008, 'data': '请求频率过高,3秒再重试!'}>
2019-09-05 11:37:04,842 -- Auto_frame -- Assertion.py -- 29 -- ERROR -- 实际结果不在预期结果中!,预期结果: <0>,实际响应code: <1000008>,实际响应结果: <{'msg': '请求频率过高,3秒再重试!', 'code': 1000008, 'data': '请求频率过高,3秒再重试!'}>
2019-09-05 11:37:05,211 -- Auto_frame -- Assertion.py -- 29 -- ERROR -- 实际结果不在预期结果中!,预期结果: <0>,实际响应code: <1000001>,实际响应结果: <{'msg': '原始支付密码错误,请重新输入', 'code': 1000001}>
2019-09-05 11:37:07,229 -- Auto_frame -- Assertion.py -- 35 -- ERROR -- 实际结果不在预期结果中!,预期结果: <真实姓名必须为中文>,实际响应msg: <支付宝不能重复绑定,修改请联系客服>,实际响应结果: <{'msg': '支付宝不能重复绑定,修改请联系客服', 'code': 1000001}>
2019-09-05 11:37:07,841 -- Auto_frame -- Assertion.py -- 35 -- ERROR -- 实际结果不在预期结果中!,预期结果: <请输入支付宝姓名>,实际响应msg: <支付宝不能重复绑定,修改请联系客服>,实际响应结果: <{'msg': '支付宝不能重复绑定,修改请联系客服', 'code': 1000001}>
2019-09-05 11:37:08,143 -- Auto_frame -- Assertion.py -- 35 -- ERROR -- 实际结果不在预期结果中!,预期结果: <请输入支付宝账号>,实际响应msg: <支付宝不能重复绑定,修改请联系客服>,实际响应结果: <{'msg': '支付宝不能重复绑定,修改请联系客服', 'code': 1000001}>
2019-09-05 11:37:08,434 -- Auto_frame -- Assertion.py -- 29 -- ERROR -- 实际结果不在预期结果中!,预期结果: <0>,实际响应code: <1000001>,实际响应结果: <{'msg': '支付宝不能重复绑定,修改请联系客服', 'code': 1000001}>
2019-09-05 11:37:09,040 -- Auto_frame -- Assertion.py -- 29 -- ERROR -- 实际结果不在预期结果中!,预期结果: <1000001>,实际响应code: <0>,实际响应结果: <{'msg': '操作成功', 'code': 0, 'data': True}>
2019-09-05 11:37:09,368 -- Auto_frame -- Assertion.py -- 29 -- ERROR -- 实际结果不在预期结果中!,预期结果: <1000001>,实际响应code: <0>,实际响应结果: <{'msg': '操作成功', 'code': 0, 'data': True}>
2019-09-05 11:37:09,679 -- Auto_frame -- Assertion.py -- 29 -- ERROR -- 实际结果不在预期结果中!,预期结果: <1000001>,实际响应code: <0>,实际响应结果: <{'msg': '操作成功', 'code': 0, 'data': True}>
2019-09-05 11:37:09,988 -- Auto_frame -- Assertion.py -- 29 -- ERROR -- 实际结果不在预期结果中!,预期结果: <1000001>,实际响应code: <0>,实际响应结果: <{'msg': '操作成功', 'code': 0, 'data': True}>
2019-09-05 11:37:10,301 -- Auto_frame -- Assertion.py -- 29 -- ERROR -- 实际结果不在预期结果中!,预期结果: <1000001>,实际响应code: <0>,实际响应结果: <{'msg': '操作成功', 'code': 0, 'data': True}>
2019-09-05 11:37:10,617 -- Auto_frame -- Assertion.py -- 29 -- ERROR -- 实际结果不在预期结果中!,预期结果: <1000001>,实际响应code: <0>,实际响应结果: <{'msg': '操作成功', 'code': 0, 'data': True}>
2019-09-05 11:37:14,643 -- Auto_frame -- Assertion.py -- 29 -- ERROR -- 实际结果不在预期结果中!,预期结果: <1000001>,实际响应code: <0>,实际响应结果: <{'msg': '操作成功', 'code': 0, 'data': True}>
2019-09-05 11:37:14,967 -- Auto_frame -- Assertion.py -- 29 -- ERROR -- 实际结果不在预期结果中!,预期结果: <1000001>,实际响应code: <0>,实际响应结果: <{'msg': '操作成功', 'code': 0, 'data': True}>
2019-09-05 11:37:15,280 -- Auto_frame -- Assertion.py -- 35 -- ERROR -- 实际结果不在预期结果中!,预期结果: <单笔出款下限:50>,实际响应msg: < 余额不足！>,实际响应结果: <{'msg': ' 余额不足！', 'code': 1000001}>
2019-09-05 11:37:15,942 -- Auto_frame -- Assertion.py -- 35 -- ERROR -- 实际结果不在预期结果中!,预期结果: <单笔出款上限:10000>,实际响应msg: < 余额不足！>,实际响应结果: <{'msg': ' 余额不足！', 'code': 1000001}>
2019-09-05 11:37:16,584 -- Auto_frame -- Assertion.py -- 29 -- ERROR -- 实际结果不在预期结果中!,预期结果: <0>,实际响应code: <1000001>,实际响应结果: <{'msg': ' 余额不足！', 'code': 1000001}>
2019-09-05 11:37:16,914 -- Auto_frame -- Assertion.py -- 29 -- ERROR -- 实际结果不在预期结果中!,预期结果: <0>,实际响应code: <1000001>,实际响应结果: <{'msg': ' 余额不足！', 'code': 1000001}>
2019-09-05 11:37:18,660 -- Auto_frame -- Assertion.py -- 29 -- ERROR -- 实际结果不在预期结果中!,预期结果: <1000001>,实际响应code: <1000008>,实际响应结果: <{'msg': '请求频率过高,8秒再重试!', 'code': 1000008, 'data': '请求频率过高,8秒再重试!'}>
2019-09-05 11:37:18,954 -- Auto_frame -- Assertion.py -- 29 -- ERROR -- 实际结果不在预期结果中!,预期结果: <1000001>,实际响应code: <1000008>,实际响应结果: <{'msg': '请求频率过高,8秒再重试!', 'code': 1000008, 'data': '请求频率过高,8秒再重试!'}>
2019-09-05 11:37:19,259 -- Auto_frame -- Assertion.py -- 29 -- ERROR -- 实际结果不在预期结果中!,预期结果: <0>,实际响应code: <1000008>,实际响应结果: <{'msg': '请求频率过高,8秒再重试!', 'code': 1000008, 'data': '请求频率过高,8秒再重试!'}>
2019-09-05 11:37:19,591 -- Auto_frame -- Assertion.py -- 29 -- ERROR -- 实际结果不在预期结果中!,预期结果: <1000001>,实际响应code: <1000008>,实际响应结果: <{'msg': '请求频率过高,7秒再重试!', 'code': 1000008, 'data': '请求频率过高,7秒再重试!'}>
2019-09-05 11:37:19,900 -- Auto_frame -- Assertion.py -- 29 -- ERROR -- 实际结果不在预期结果中!,预期结果: <1000001>,实际响应code: <1000008>,实际响应结果: <{'msg': '请求频率过高,7秒再重试!', 'code': 1000008, 'data': '请求频率过高,7秒再重试!'}>
2019-09-05 11:37:20,188 -- Auto_frame -- Assertion.py -- 29 -- ERROR -- 实际结果不在预期结果中!,预期结果: <1000001>,实际响应code: <1000008>,实际响应结果: <{'msg': '请求频率过高,7秒再重试!', 'code': 1000008, 'data': '请求频率过高,7秒再重试!'}>
2019-09-05 11:37:20,493 -- Auto_frame -- Assertion.py -- 29 -- ERROR -- 实际结果不在预期结果中!,预期结果: <1000001>,实际响应code: <1000008>,实际响应结果: <{'msg': '请求频率过高,6秒再重试!', 'code': 1000008, 'data': '请求频率过高,6秒再重试!'}>
2019-09-05 11:37:31,189 -- Auto_frame -- Assertion.py -- 29 -- ERROR -- 实际结果不在预期结果中!,预期结果: <0>,实际响应code: <1000004>,实际响应结果: <{'msg': "Fatal error: Class '\\app\\Platform\\Driver\\HG' not found", 'code': 1000004}>
