2019-09-10 09:00:16,347 -- Auto_frame -- Assertion.py -- 30 -- ERROR -- 预期结果不在实际结果中!,预期结果: <0>,实际响应code: <1000001>,实际响应结果: <{'code': 1000001, 'msg': '免费领取机会已用完,请充值后领取'}>
2019-09-10 09:00:17,698 -- Auto_frame -- Assertion.py -- 30 -- ERROR -- 预期结果不在实际结果中!,预期结果: <0>,实际响应code: <1000001>,实际响应结果: <{'code': 1000001, 'msg': '还未达到此活动领取条件'}>
2019-09-10 09:00:18,650 -- Auto_frame -- Assertion.py -- 30 -- ERROR -- 预期结果不在实际结果中!,预期结果: <1000001>,实际响应code: <0>,实际响应结果: <{'code': 0, 'msg': '操作成功', 'data': []}>
2019-09-10 09:00:22,987 -- Auto_frame -- Assertion.py -- 30 -- ERROR -- 预期结果不在实际结果中!,预期结果: <0>,实际响应code: <1000001>,实际响应结果: <{'code': 1000001, 'msg': '您当前没有积分!'}>
2019-09-10 09:00:24,349 -- Auto_frame -- Assertion.py -- 30 -- ERROR -- 预期结果不在实际结果中!,预期结果: <0>,实际响应code: <1000001>,实际响应结果: <{'code': 1000001, 'msg': '您当前没有积分!'}>
2019-09-10 09:00:25,099 -- Auto_frame -- Assertion.py -- 30 -- ERROR -- 预期结果不在实际结果中!,预期结果: <0>,实际响应code: <1000001>,实际响应结果: <{'code': 1000001, 'msg': '您当前没有积分!'}>
2019-09-10 09:00:31,262 -- Auto_frame -- Assertion.py -- 30 -- ERROR -- 预期结果不在实际结果中!,预期结果: <0>,实际响应code: <1000001>,实际响应结果: <{'code': 1000001, 'msg': '余额不足.'}>
2019-09-10 09:00:32,512 -- Auto_frame -- Assertion.py -- 30 -- ERROR -- 预期结果不在实际结果中!,预期结果: <0>,实际响应code: <1000001>,实际响应结果: <{'code': 1000001, 'msg': '余额不足.'}>
2019-09-10 09:00:32,818 -- Auto_frame -- Assertion.py -- 30 -- ERROR -- 预期结果不在实际结果中!,预期结果: <0>,实际响应code: <1000008>,实际响应结果: <{'code': 1000008, 'msg': '请求频率过高,3秒再重试!', 'data': '请求频率过高,3秒再重试!'}>
2019-09-10 09:00:33,125 -- Auto_frame -- Assertion.py -- 30 -- ERROR -- 预期结果不在实际结果中!,预期结果: <0>,实际响应code: <1000008>,实际响应结果: <{'code': 1000008, 'msg': '请求频率过高,3秒再重试!', 'data': '请求频率过高,3秒再重试!'}>
2019-09-10 09:00:33,418 -- Auto_frame -- Assertion.py -- 30 -- ERROR -- 预期结果不在实际结果中!,预期结果: <0>,实际响应code: <1000008>,实际响应结果: <{'code': 1000008, 'msg': '请求频率过高,2秒再重试!', 'data': '请求频率过高,2秒再重试!'}>
2019-09-10 09:00:33,727 -- Auto_frame -- Assertion.py -- 30 -- ERROR -- 预期结果不在实际结果中!,预期结果: <0>,实际响应code: <1000008>,实际响应结果: <{'code': 1000008, 'msg': '请求频率过高,2秒再重试!', 'data': '请求频率过高,2秒再重试!'}>
2019-09-10 09:00:34,021 -- Auto_frame -- Assertion.py -- 30 -- ERROR -- 预期结果不在实际结果中!,预期结果: <0>,实际响应code: <1000008>,实际响应结果: <{'code': 1000008, 'msg': '请求频率过高,2秒再重试!', 'data': '请求频率过高,2秒再重试!'}>
2019-09-10 09:00:34,334 -- Auto_frame -- Assertion.py -- 30 -- ERROR -- 预期结果不在实际结果中!,预期结果: <0>,实际响应code: <1000008>,实际响应结果: <{'code': 1000008, 'msg': '请求频率过高,2秒再重试!', 'data': '请求频率过高,2秒再重试!'}>
2019-09-10 09:00:34,646 -- Auto_frame -- Assertion.py -- 30 -- ERROR -- 预期结果不在实际结果中!,预期结果: <0>,实际响应code: <1000008>,实际响应结果: <{'code': 1000008, 'msg': '请求频率过高,1秒再重试!', 'data': '请求频率过高,1秒再重试!'}>
2019-09-10 09:00:34,943 -- Auto_frame -- Assertion.py -- 30 -- ERROR -- 预期结果不在实际结果中!,预期结果: <0>,实际响应code: <1000008>,实际响应结果: <{'code': 1000008, 'msg': '请求频率过高,1秒再重试!', 'data': '请求频率过高,1秒再重试!'}>
2019-09-10 09:00:35,246 -- Auto_frame -- Assertion.py -- 30 -- ERROR -- 预期结果不在实际结果中!,预期结果: <0>,实际响应code: <1000008>,实际响应结果: <{'code': 1000008, 'msg': '请求频率过高,1秒再重试!', 'data': '请求频率过高,1秒再重试!'}>
2019-09-10 09:00:36,488 -- Auto_frame -- Assertion.py -- 30 -- ERROR -- 预期结果不在实际结果中!,预期结果: <0>,实际响应code: <1000001>,实际响应结果: <{'code': 1000001, 'msg': '余额不足.'}>
2019-09-10 09:00:37,577 -- Auto_frame -- Assertion.py -- 30 -- ERROR -- 预期结果不在实际结果中!,预期结果: <0>,实际响应code: <1000001>,实际响应结果: <{'code': 1000001, 'msg': '余额不足.'}>
2019-09-10 09:00:38,771 -- Auto_frame -- Assertion.py -- 30 -- ERROR -- 预期结果不在实际结果中!,预期结果: <0>,实际响应code: <1000001>,实际响应结果: <{'code': 1000001, 'msg': '余额不足.'}>
2019-09-10 09:00:39,091 -- Auto_frame -- Assertion.py -- 30 -- ERROR -- 预期结果不在实际结果中!,预期结果: <0>,实际响应code: <1000008>,实际响应结果: <{'code': 1000008, 'msg': '请求频率过高,7秒再重试!', 'data': '请求频率过高,7秒再重试!'}>
2019-09-10 09:00:39,400 -- Auto_frame -- Assertion.py -- 30 -- ERROR -- 预期结果不在实际结果中!,预期结果: <0>,实际响应code: <1000008>,实际响应结果: <{'code': 1000008, 'msg': '请求频率过高,6秒再重试!', 'data': '请求频率过高,6秒再重试!'}>
2019-09-10 09:00:39,697 -- Auto_frame -- Assertion.py -- 30 -- ERROR -- 预期结果不在实际结果中!,预期结果: <0>,实际响应code: <1000008>,实际响应结果: <{'code': 1000008, 'msg': '请求频率过高,6秒再重试!', 'data': '请求频率过高,6秒再重试!'}>
2019-09-10 09:00:39,987 -- Auto_frame -- Assertion.py -- 30 -- ERROR -- 预期结果不在实际结果中!,预期结果: <0>,实际响应code: <1000008>,实际响应结果: <{'code': 1000008, 'msg': '请求频率过高,6秒再重试!', 'data': '请求频率过高,6秒再重试!'}>
2019-09-10 09:00:40,289 -- Auto_frame -- Assertion.py -- 30 -- ERROR -- 预期结果不在实际结果中!,预期结果: <0>,实际响应code: <1000008>,实际响应结果: <{'code': 1000008, 'msg': '请求频率过高,6秒再重试!', 'data': '请求频率过高,6秒再重试!'}>
2019-09-10 09:00:40,586 -- Auto_frame -- Assertion.py -- 30 -- ERROR -- 预期结果不在实际结果中!,预期结果: <0>,实际响应code: <1000008>,实际响应结果: <{'code': 1000008, 'msg': '请求频率过高,5秒再重试!', 'data': '请求频率过高,5秒再重试!'}>
2019-09-10 09:00:40,877 -- Auto_frame -- Assertion.py -- 30 -- ERROR -- 预期结果不在实际结果中!,预期结果: <0>,实际响应code: <1000008>,实际响应结果: <{'code': 1000008, 'msg': '请求频率过高,5秒再重试!', 'data': '请求频率过高,5秒再重试!'}>
2019-09-10 09:00:41,178 -- Auto_frame -- Assertion.py -- 30 -- ERROR -- 预期结果不在实际结果中!,预期结果: <0>,实际响应code: <1000008>,实际响应结果: <{'code': 1000008, 'msg': '请求频率过高,5秒再重试!', 'data': '请求频率过高,5秒再重试!'}>
2019-09-10 09:00:41,463 -- Auto_frame -- Assertion.py -- 30 -- ERROR -- 预期结果不在实际结果中!,预期结果: <0>,实际响应code: <1000008>,实际响应结果: <{'code': 1000008, 'msg': '请求频率过高,4秒再重试!', 'data': '请求频率过高,4秒再重试!'}>
2019-09-10 09:00:41,760 -- Auto_frame -- Assertion.py -- 30 -- ERROR -- 预期结果不在实际结果中!,预期结果: <0>,实际响应code: <1000008>,实际响应结果: <{'code': 1000008, 'msg': '请求频率过高,4秒再重试!', 'data': '请求频率过高,4秒再重试!'}>
2019-09-10 09:00:42,059 -- Auto_frame -- Assertion.py -- 30 -- ERROR -- 预期结果不在实际结果中!,预期结果: <0>,实际响应code: <1000008>,实际响应结果: <{'code': 1000008, 'msg': '请求频率过高,4秒再重试!', 'data': '请求频率过高,4秒再重试!'}>
2019-09-10 09:00:42,392 -- Auto_frame -- Assertion.py -- 30 -- ERROR -- 预期结果不在实际结果中!,预期结果: <0>,实际响应code: <1000008>,实际响应结果: <{'code': 1000008, 'msg': '请求频率过高,3秒再重试!', 'data': '请求频率过高,3秒再重试!'}>
2019-09-10 09:00:42,688 -- Auto_frame -- Assertion.py -- 30 -- ERROR -- 预期结果不在实际结果中!,预期结果: <0>,实际响应code: <1000008>,实际响应结果: <{'code': 1000008, 'msg': '请求频率过高,3秒再重试!', 'data': '请求频率过高,3秒再重试!'}>
2019-09-10 09:00:42,977 -- Auto_frame -- Assertion.py -- 30 -- ERROR -- 预期结果不在实际结果中!,预期结果: <0>,实际响应code: <1000008>,实际响应结果: <{'code': 1000008, 'msg': '请求频率过高,3秒再重试!', 'data': '请求频率过高,3秒再重试!'}>
2019-09-10 09:00:43,312 -- Auto_frame -- Assertion.py -- 30 -- ERROR -- 预期结果不在实际结果中!,预期结果: <0>,实际响应code: <1000008>,实际响应结果: <{'code': 1000008, 'msg': '请求频率过高,3秒再重试!', 'data': '请求频率过高,3秒再重试!'}>
2019-09-10 09:00:43,627 -- Auto_frame -- Assertion.py -- 30 -- ERROR -- 预期结果不在实际结果中!,预期结果: <0>,实际响应code: <1000008>,实际响应结果: <{'code': 1000008, 'msg': '请求频率过高,2秒再重试!', 'data': '请求频率过高,2秒再重试!'}>
2019-09-10 09:00:43,939 -- Auto_frame -- Assertion.py -- 30 -- ERROR -- 预期结果不在实际结果中!,预期结果: <0>,实际响应code: <1000008>,实际响应结果: <{'code': 1000008, 'msg': '请求频率过高,2秒再重试!', 'data': '请求频率过高,2秒再重试!'}>
2019-09-10 09:00:44,258 -- Auto_frame -- Assertion.py -- 30 -- ERROR -- 预期结果不在实际结果中!,预期结果: <0>,实际响应code: <1000008>,实际响应结果: <{'code': 1000008, 'msg': '请求频率过高,2秒再重试!', 'data': '请求频率过高,2秒再重试!'}>
2019-09-10 09:00:44,562 -- Auto_frame -- Assertion.py -- 30 -- ERROR -- 预期结果不在实际结果中!,预期结果: <0>,实际响应code: <1000008>,实际响应结果: <{'code': 1000008, 'msg': '请求频率过高,1秒再重试!', 'data': '请求频率过高,1秒再重试!'}>
2019-09-10 09:00:44,849 -- Auto_frame -- Assertion.py -- 30 -- ERROR -- 预期结果不在实际结果中!,预期结果: <0>,实际响应code: <1000008>,实际响应结果: <{'code': 1000008, 'msg': '请求频率过高,1秒再重试!', 'data': '请求频率过高,1秒再重试!'}>
2019-09-10 09:00:45,142 -- Auto_frame -- Assertion.py -- 30 -- ERROR -- 预期结果不在实际结果中!,预期结果: <0>,实际响应code: <1000008>,实际响应结果: <{'code': 1000008, 'msg': '请求频率过高,1秒再重试!', 'data': '请求频率过高,1秒再重试!'}>
2019-09-10 09:00:45,436 -- Auto_frame -- Assertion.py -- 30 -- ERROR -- 预期结果不在实际结果中!,预期结果: <0>,实际响应code: <1000008>,实际响应结果: <{'code': 1000008, 'msg': '请求频率过高,0秒再重试!', 'data': '请求频率过高,0秒再重试!'}>
2019-09-10 09:00:47,183 -- Auto_frame -- Assertion.py -- 30 -- ERROR -- 预期结果不在实际结果中!,预期结果: <0>,实际响应code: <1000008>,实际响应结果: <{'code': 1000008, 'msg': '请求频率过高,9秒再重试!', 'data': '请求频率过高,9秒再重试!'}>
2019-09-10 09:00:47,483 -- Auto_frame -- Assertion.py -- 30 -- ERROR -- 预期结果不在实际结果中!,预期结果: <0>,实际响应code: <1000008>,实际响应结果: <{'code': 1000008, 'msg': '请求频率过高,8秒再重试!', 'data': '请求频率过高,8秒再重试!'}>
2019-09-10 09:00:47,851 -- Auto_frame -- Assertion.py -- 30 -- ERROR -- 预期结果不在实际结果中!,预期结果: <0>,实际响应code: <1000001>,实际响应结果: <{'code': 1000001, 'msg': '原始支付密码错误,请重新输入'}>
2019-09-10 09:00:49,847 -- Auto_frame -- Assertion.py -- 37 -- ERROR -- 预期结果不在实际结果中!,预期结果: <真实姓名必须为中文>,实际响应msg: <支付宝不能重复绑定,修改请联系客服>,实际响应结果: <{'code': 1000001, 'msg': '支付宝不能重复绑定,修改请联系客服'}>
2019-09-10 09:00:50,486 -- Auto_frame -- Assertion.py -- 37 -- ERROR -- 预期结果不在实际结果中!,预期结果: <请输入支付宝姓名>,实际响应msg: <支付宝不能重复绑定,修改请联系客服>,实际响应结果: <{'code': 1000001, 'msg': '支付宝不能重复绑定,修改请联系客服'}>
2019-09-10 09:00:50,799 -- Auto_frame -- Assertion.py -- 37 -- ERROR -- 预期结果不在实际结果中!,预期结果: <请输入支付宝账号>,实际响应msg: <支付宝不能重复绑定,修改请联系客服>,实际响应结果: <{'code': 1000001, 'msg': '支付宝不能重复绑定,修改请联系客服'}>
2019-09-10 09:00:51,108 -- Auto_frame -- Assertion.py -- 30 -- ERROR -- 预期结果不在实际结果中!,预期结果: <0>,实际响应code: <1000001>,实际响应结果: <{'code': 1000001, 'msg': '支付宝不能重复绑定,修改请联系客服'}>
2019-09-10 09:00:51,832 -- Auto_frame -- Assertion.py -- 30 -- ERROR -- 预期结果不在实际结果中!,预期结果: <1000001>,实际响应code: <0>,实际响应结果: <{'code': 0, 'msg': '操作成功', 'data': True}>
2019-09-10 09:00:52,144 -- Auto_frame -- Assertion.py -- 30 -- ERROR -- 预期结果不在实际结果中!,预期结果: <1000001>,实际响应code: <0>,实际响应结果: <{'code': 0, 'msg': '操作成功', 'data': True}>
2019-09-10 09:00:52,500 -- Auto_frame -- Assertion.py -- 30 -- ERROR -- 预期结果不在实际结果中!,预期结果: <1000001>,实际响应code: <0>,实际响应结果: <{'code': 0, 'msg': '操作成功', 'data': True}>
2019-09-10 09:00:52,808 -- Auto_frame -- Assertion.py -- 30 -- ERROR -- 预期结果不在实际结果中!,预期结果: <1000001>,实际响应code: <0>,实际响应结果: <{'code': 0, 'msg': '操作成功', 'data': True}>
2019-09-10 09:00:53,134 -- Auto_frame -- Assertion.py -- 30 -- ERROR -- 预期结果不在实际结果中!,预期结果: <1000001>,实际响应code: <0>,实际响应结果: <{'code': 0, 'msg': '操作成功', 'data': True}>
2019-09-10 09:00:53,440 -- Auto_frame -- Assertion.py -- 30 -- ERROR -- 预期结果不在实际结果中!,预期结果: <1000001>,实际响应code: <0>,实际响应结果: <{'code': 0, 'msg': '操作成功', 'data': True}>
2019-09-10 09:00:57,643 -- Auto_frame -- Assertion.py -- 30 -- ERROR -- 预期结果不在实际结果中!,预期结果: <1000001>,实际响应code: <0>,实际响应结果: <{'code': 0, 'msg': '操作成功', 'data': True}>
2019-09-10 09:00:57,965 -- Auto_frame -- Assertion.py -- 30 -- ERROR -- 预期结果不在实际结果中!,预期结果: <1000001>,实际响应code: <0>,实际响应结果: <{'code': 0, 'msg': '操作成功', 'data': True}>
2019-09-10 09:00:58,337 -- Auto_frame -- Assertion.py -- 37 -- ERROR -- 预期结果不在实际结果中!,预期结果: <单笔出款下限:50>,实际响应msg: < 余额不足！>,实际响应结果: <{'code': 1000001, 'msg': ' 余额不足！'}>
2019-09-10 09:00:59,060 -- Auto_frame -- Assertion.py -- 37 -- ERROR -- 预期结果不在实际结果中!,预期结果: <单笔出款上限:10000>,实际响应msg: < 余额不足！>,实际响应结果: <{'code': 1000001, 'msg': ' 余额不足！'}>
2019-09-10 09:00:59,710 -- Auto_frame -- Assertion.py -- 30 -- ERROR -- 预期结果不在实际结果中!,预期结果: <0>,实际响应code: <1000001>,实际响应结果: <{'code': 1000001, 'msg': ' 余额不足！'}>
2019-09-10 09:01:00,035 -- Auto_frame -- Assertion.py -- 30 -- ERROR -- 预期结果不在实际结果中!,预期结果: <0>,实际响应code: <1000001>,实际响应结果: <{'code': 1000001, 'msg': ' 余额不足！'}>
2019-09-10 09:01:00,696 -- Auto_frame -- Assertion.py -- 30 -- ERROR -- 预期结果不在实际结果中!,预期结果: <0>,实际响应code: <1000001>,实际响应结果: <{'code': 1000001, 'msg': '资金不足,请先充值!'}>
2019-09-10 09:01:01,300 -- Auto_frame -- Assertion.py -- 30 -- ERROR -- 预期结果不在实际结果中!,预期结果: <1000001>,实际响应code: <1000008>,实际响应结果: <{'code': 1000008, 'msg': '请求频率过高,9秒再重试!', 'data': '请求频率过高,9秒再重试!'}>
2019-09-10 09:01:01,621 -- Auto_frame -- Assertion.py -- 30 -- ERROR -- 预期结果不在实际结果中!,预期结果: <1000001>,实际响应code: <1000008>,实际响应结果: <{'code': 1000008, 'msg': '请求频率过高,8秒再重试!', 'data': '请求频率过高,8秒再重试!'}>
2019-09-10 09:01:01,926 -- Auto_frame -- Assertion.py -- 30 -- ERROR -- 预期结果不在实际结果中!,预期结果: <0>,实际响应code: <1000008>,实际响应结果: <{'code': 1000008, 'msg': '请求频率过高,8秒再重试!', 'data': '请求频率过高,8秒再重试!'}>
2019-09-10 09:01:02,259 -- Auto_frame -- Assertion.py -- 30 -- ERROR -- 预期结果不在实际结果中!,预期结果: <1000001>,实际响应code: <1000008>,实际响应结果: <{'code': 1000008, 'msg': '请求频率过高,8秒再重试!', 'data': '请求频率过高,8秒再重试!'}>
2019-09-10 09:01:02,573 -- Auto_frame -- Assertion.py -- 30 -- ERROR -- 预期结果不在实际结果中!,预期结果: <1000001>,实际响应code: <1000008>,实际响应结果: <{'code': 1000008, 'msg': '请求频率过高,7秒再重试!', 'data': '请求频率过高,7秒再重试!'}>
2019-09-10 09:01:02,883 -- Auto_frame -- Assertion.py -- 30 -- ERROR -- 预期结果不在实际结果中!,预期结果: <1000001>,实际响应code: <1000008>,实际响应结果: <{'code': 1000008, 'msg': '请求频率过高,7秒再重试!', 'data': '请求频率过高,7秒再重试!'}>
2019-09-10 09:01:03,207 -- Auto_frame -- Assertion.py -- 30 -- ERROR -- 预期结果不在实际结果中!,预期结果: <1000001>,实际响应code: <1000008>,实际响应结果: <{'code': 1000008, 'msg': '请求频率过高,7秒再重试!', 'data': '请求频率过高,7秒再重试!'}>
2019-09-10 09:01:21,041 -- Auto_frame -- Assertion.py -- 30 -- ERROR -- 预期结果不在实际结果中!,预期结果: <0>,实际响应code: <1000001>,实际响应结果: <{'code': 1000001, 'msg': 'controller not exists:Index'}>
2019-09-10 09:01:21,327 -- Auto_frame -- Assertion.py -- 30 -- ERROR -- 预期结果不在实际结果中!,预期结果: <0>,实际响应code: <1000001>,实际响应结果: <{'code': 1000001, 'msg': 'controller not exists:Index'}>
2019-09-10 09:01:21,630 -- Auto_frame -- Assertion.py -- 30 -- ERROR -- 预期结果不在实际结果中!,预期结果: <0>,实际响应code: <1000001>,实际响应结果: <{'code': 1000001, 'msg': 'controller not exists:Index'}>
2019-09-10 09:01:21,917 -- Auto_frame -- Assertion.py -- 30 -- ERROR -- 预期结果不在实际结果中!,预期结果: <0>,实际响应code: <1000001>,实际响应结果: <{'code': 1000001, 'msg': 'controller not exists:Index'}>
2019-09-10 09:01:22,251 -- Auto_frame -- Assertion.py -- 30 -- ERROR -- 预期结果不在实际结果中!,预期结果: <0>,实际响应code: <1000001>,实际响应结果: <{'code': 1000001, 'msg': 'controller not exists:Index'}>
2019-09-10 09:01:22,557 -- Auto_frame -- Assertion.py -- 30 -- ERROR -- 预期结果不在实际结果中!,预期结果: <0>,实际响应code: <1000001>,实际响应结果: <{'code': 1000001, 'msg': 'controller not exists:Index'}>
2019-09-10 09:01:22,875 -- Auto_frame -- Assertion.py -- 30 -- ERROR -- 预期结果不在实际结果中!,预期结果: <0>,实际响应code: <1000001>,实际响应结果: <{'code': 1000001, 'msg': 'controller not exists:Index'}>
2019-09-10 09:01:23,184 -- Auto_frame -- Assertion.py -- 30 -- ERROR -- 预期结果不在实际结果中!,预期结果: <0>,实际响应code: <1000001>,实际响应结果: <{'code': 1000001, 'msg': 'controller not exists:Index'}>
2019-09-10 09:01:23,496 -- Auto_frame -- Assertion.py -- 30 -- ERROR -- 预期结果不在实际结果中!,预期结果: <0>,实际响应code: <1000001>,实际响应结果: <{'code': 1000001, 'msg': 'controller not exists:Index'}>
2019-09-10 09:01:23,836 -- Auto_frame -- Assertion.py -- 30 -- ERROR -- 预期结果不在实际结果中!,预期结果: <0>,实际响应code: <1000001>,实际响应结果: <{'code': 1000001, 'msg': 'controller not exists:Index'}>
2019-09-10 09:01:24,146 -- Auto_frame -- Assertion.py -- 30 -- ERROR -- 预期结果不在实际结果中!,预期结果: <0>,实际响应code: <1000001>,实际响应结果: <{'code': 1000001, 'msg': 'controller not exists:Index'}>
2019-09-10 09:01:24,539 -- Auto_frame -- Assertion.py -- 30 -- ERROR -- 预期结果不在实际结果中!,预期结果: <0>,实际响应code: <1000001>,实际响应结果: <{'code': 1000001, 'msg': 'controller not exists:Index'}>
2019-09-10 09:01:24,918 -- Auto_frame -- Assertion.py -- 30 -- ERROR -- 预期结果不在实际结果中!,预期结果: <0>,实际响应code: <1000001>,实际响应结果: <{'code': 1000001, 'msg': 'controller not exists:Index'}>
2019-09-10 09:01:25,226 -- Auto_frame -- Assertion.py -- 30 -- ERROR -- 预期结果不在实际结果中!,预期结果: <0>,实际响应code: <1000001>,实际响应结果: <{'code': 1000001, 'msg': 'controller not exists:Index'}>
2019-09-10 09:01:25,567 -- Auto_frame -- Assertion.py -- 30 -- ERROR -- 预期结果不在实际结果中!,预期结果: <0>,实际响应code: <1000001>,实际响应结果: <{'code': 1000001, 'msg': 'controller not exists:Index'}>
